{"E:\\Projects\\Vidly\\Vidly\\app.js": {"path":"E:\\Projects\\Vidly\\Vidly\\app.js","statementMap":{"0":{"start":{"line":1,"column":16},"end":{"line":1,"column":34}},"1":{"start":{"line":2,"column":0},"end":{"line":2,"column":27}},"2":{"start":{"line":3,"column":0},"end":{"line":3,"column":32}},"3":{"start":{"line":4,"column":14},"end":{"line":4,"column":45}},"4":{"start":{"line":5,"column":16},"end":{"line":5,"column":34}},"5":{"start":{"line":6,"column":12},"end":{"line":6,"column":21}},"6":{"start":{"line":7,"column":0},"end":{"line":7,"column":31}},"7":{"start":{"line":8,"column":0},"end":{"line":8,"column":26}},"8":{"start":{"line":9,"column":0},"end":{"line":9,"column":31}},"9":{"start":{"line":10,"column":0},"end":{"line":10,"column":30}},"10":{"start":{"line":11,"column":0},"end":{"line":11,"column":34}},"11":{"start":{"line":12,"column":15},"end":{"line":12,"column":32}},"12":{"start":{"line":14,"column":0},"end":{"line":17,"column":1}},"13":{"start":{"line":15,"column":2},"end":{"line":15,"column":26}},"14":{"start":{"line":16,"column":2},"end":{"line":16,"column":26}},"15":{"start":{"line":19,"column":13},"end":{"line":19,"column":37}},"16":{"start":{"line":20,"column":15},"end":{"line":22,"column":1}},"17":{"start":{"line":21,"column":2},"end":{"line":21,"column":43}},"18":{"start":{"line":23,"column":0},"end":{"line":23,"column":18}},"19":{"start":{"line":25,"column":0},"end":{"line":25,"column":24}}},"fnMap":{"0":{"name":"(anonymous_0)","decl":{"start":{"line":20,"column":32},"end":{"line":20,"column":33}},"loc":{"start":{"line":21,"column":2},"end":{"line":21,"column":43}},"line":21}},"branchMap":{"0":{"loc":{"start":{"line":14,"column":0},"end":{"line":17,"column":1}},"type":"if","locations":[{"start":{"line":14,"column":0},"end":{"line":17,"column":1}},{"start":{"line":14,"column":0},"end":{"line":17,"column":1}}],"line":14},"1":{"loc":{"start":{"line":19,"column":13},"end":{"line":19,"column":37}},"type":"binary-expr","locations":[{"start":{"line":19,"column":13},"end":{"line":19,"column":29}},{"start":{"line":19,"column":33},"end":{"line":19,"column":37}}],"line":19}},"s":{"0":8,"1":8,"2":8,"3":8,"4":8,"5":8,"6":8,"7":8,"8":8,"9":8,"10":8,"11":8,"12":8,"13":0,"14":0,"15":8,"16":8,"17":8,"18":8,"19":8},"f":{"0":8},"b":{"0":[0,8],"1":[8,8]},"_coverageSchema":"43e27e138ebf9cfc5966b082cf9a028302ed4184","hash":"43194d11d080d4d0564233897dc4cdc7d4d0a1d9"}
,"E:\\Projects\\Vidly\\Vidly\\Middleware\\admin.js": {"path":"E:\\Projects\\Vidly\\Vidly\\Middleware\\admin.js","statementMap":{"0":{"start":{"line":1,"column":0},"end":{"line":4,"column":2}},"1":{"start":{"line":2,"column":2},"end":{"line":2,"column":70}},"2":{"start":{"line":2,"column":25},"end":{"line":2,"column":70}},"3":{"start":{"line":3,"column":2},"end":{"line":3,"column":9}}},"fnMap":{"0":{"name":"(anonymous_0)","decl":{"start":{"line":1,"column":17},"end":{"line":1,"column":18}},"loc":{"start":{"line":1,"column":42},"end":{"line":4,"column":1}},"line":1}},"branchMap":{"0":{"loc":{"start":{"line":2,"column":2},"end":{"line":2,"column":70}},"type":"if","locations":[{"start":{"line":2,"column":2},"end":{"line":2,"column":70}},{"start":{"line":2,"column":2},"end":{"line":2,"column":70}}],"line":2}},"s":{"0":8,"1":8,"2":3,"3":5},"f":{"0":8},"b":{"0":[3,5]},"_coverageSchema":"43e27e138ebf9cfc5966b082cf9a028302ed4184","hash":"0fdc5a4d7851fbe1d8f8739e4cde4914ac6aa677"}
,"E:\\Projects\\Vidly\\Vidly\\Middleware\\auth.js": {"path":"E:\\Projects\\Vidly\\Vidly\\Middleware\\auth.js","statementMap":{"0":{"start":{"line":1,"column":12},"end":{"line":1,"column":35}},"1":{"start":{"line":2,"column":15},"end":{"line":2,"column":32}},"2":{"start":{"line":4,"column":0},"end":{"line":15,"column":2}},"3":{"start":{"line":5,"column":16},"end":{"line":5,"column":42}},"4":{"start":{"line":6,"column":2},"end":{"line":6,"column":79}},"5":{"start":{"line":6,"column":14},"end":{"line":6,"column":79}},"6":{"start":{"line":8,"column":2},"end":{"line":14,"column":3}},"7":{"start":{"line":9,"column":20},"end":{"line":9,"column":63}},"8":{"start":{"line":10,"column":4},"end":{"line":10,"column":23}},"9":{"start":{"line":11,"column":4},"end":{"line":11,"column":11}},"10":{"start":{"line":13,"column":4},"end":{"line":13,"column":42}}},"fnMap":{"0":{"name":"(anonymous_0)","decl":{"start":{"line":4,"column":17},"end":{"line":4,"column":18}},"loc":{"start":{"line":4,"column":42},"end":{"line":15,"column":1}},"line":4}},"branchMap":{"0":{"loc":{"start":{"line":6,"column":2},"end":{"line":6,"column":79}},"type":"if","locations":[{"start":{"line":6,"column":2},"end":{"line":6,"column":79}},{"start":{"line":6,"column":2},"end":{"line":6,"column":79}}],"line":6}},"s":{"0":9,"1":9,"2":9,"3":56,"4":56,"5":11,"6":45,"7":45,"8":44,"9":44,"10":1},"f":{"0":56},"b":{"0":[11,45]},"_coverageSchema":"43e27e138ebf9cfc5966b082cf9a028302ed4184","hash":"bcb81c6e0b229abb82e00a8d890db00dd5ea344e"}
,"E:\\Projects\\Vidly\\Vidly\\Middleware\\error.js": {"path":"E:\\Projects\\Vidly\\Vidly\\Middleware\\error.js","statementMap":{"0":{"start":{"line":1,"column":16},"end":{"line":1,"column":34}},"1":{"start":{"line":3,"column":0},"end":{"line":7,"column":2}},"2":{"start":{"line":4,"column":2},"end":{"line":4,"column":34}},"3":{"start":{"line":6,"column":2},"end":{"line":6,"column":45}}},"fnMap":{"0":{"name":"(anonymous_0)","decl":{"start":{"line":3,"column":17},"end":{"line":3,"column":18}},"loc":{"start":{"line":3,"column":47},"end":{"line":7,"column":1}},"line":3}},"branchMap":{},"s":{"0":8,"1":8,"2":0,"3":0},"f":{"0":0},"b":{},"_coverageSchema":"43e27e138ebf9cfc5966b082cf9a028302ed4184","hash":"29c30948f09f4544a521956af8bd1beafb0dc749"}
,"E:\\Projects\\Vidly\\Vidly\\Middleware\\validate.js": {"path":"E:\\Projects\\Vidly\\Vidly\\Middleware\\validate.js","statementMap":{"0":{"start":{"line":1,"column":0},"end":{"line":7,"column":2}},"1":{"start":{"line":2,"column":2},"end":{"line":6,"column":4}},"2":{"start":{"line":3,"column":22},"end":{"line":3,"column":40}},"3":{"start":{"line":4,"column":4},"end":{"line":4,"column":69}},"4":{"start":{"line":4,"column":15},"end":{"line":4,"column":69}},"5":{"start":{"line":5,"column":4},"end":{"line":5,"column":11}}},"fnMap":{"0":{"name":"(anonymous_0)","decl":{"start":{"line":1,"column":17},"end":{"line":1,"column":18}},"loc":{"start":{"line":1,"column":29},"end":{"line":7,"column":1}},"line":1},"1":{"name":"(anonymous_1)","decl":{"start":{"line":2,"column":9},"end":{"line":2,"column":10}},"loc":{"start":{"line":2,"column":29},"end":{"line":6,"column":3}},"line":2}},"branchMap":{"0":{"loc":{"start":{"line":4,"column":4},"end":{"line":4,"column":69}},"type":"if","locations":[{"start":{"line":4,"column":4},"end":{"line":4,"column":69}},{"start":{"line":4,"column":4},"end":{"line":4,"column":69}}],"line":4}},"s":{"0":8,"1":80,"2":38,"3":38,"4":11,"5":27},"f":{"0":80,"1":38},"b":{"0":[11,27]},"_coverageSchema":"43e27e138ebf9cfc5966b082cf9a028302ed4184","hash":"5104e78649077ec634935600769c2cb8b258c01b"}
,"E:\\Projects\\Vidly\\Vidly\\Middleware\\validateObjectId.js": {"path":"E:\\Projects\\Vidly\\Vidly\\Middleware\\validateObjectId.js","statementMap":{"0":{"start":{"line":1,"column":17},"end":{"line":1,"column":36}},"1":{"start":{"line":3,"column":0},"end":{"line":7,"column":2}},"2":{"start":{"line":4,"column":2},"end":{"line":5,"column":46}},"3":{"start":{"line":5,"column":4},"end":{"line":5,"column":46}},"4":{"start":{"line":6,"column":2},"end":{"line":6,"column":9}}},"fnMap":{"0":{"name":"(anonymous_0)","decl":{"start":{"line":3,"column":17},"end":{"line":3,"column":18}},"loc":{"start":{"line":3,"column":42},"end":{"line":7,"column":1}},"line":3}},"branchMap":{"0":{"loc":{"start":{"line":4,"column":2},"end":{"line":5,"column":46}},"type":"if","locations":[{"start":{"line":4,"column":2},"end":{"line":5,"column":46}},{"start":{"line":4,"column":2},"end":{"line":5,"column":46}}],"line":4}},"s":{"0":8,"1":8,"2":24,"3":8,"4":16},"f":{"0":24},"b":{"0":[8,16]},"_coverageSchema":"43e27e138ebf9cfc5966b082cf9a028302ed4184","hash":"8437bcb8e648b46a4ac86058101db374daee64a7"}
,"E:\\Projects\\Vidly\\Vidly\\Models\\Customer.js": {"path":"E:\\Projects\\Vidly\\Vidly\\Models\\Customer.js","statementMap":{"0":{"start":{"line":1,"column":17},"end":{"line":1,"column":36}},"1":{"start":{"line":2,"column":12},"end":{"line":2,"column":32}},"2":{"start":{"line":4,"column":23},"end":{"line":8,"column":2}},"3":{"start":{"line":10,"column":17},"end":{"line":10,"column":59}},"4":{"start":{"line":13,"column":17},"end":{"line":23,"column":4}},"5":{"start":{"line":24,"column":2},"end":{"line":24,"column":32}},"6":{"start":{"line":27,"column":0},"end":{"line":27,"column":28}},"7":{"start":{"line":28,"column":0},"end":{"line":28,"column":36}}},"fnMap":{"0":{"name":"validateCustomer","decl":{"start":{"line":12,"column":9},"end":{"line":12,"column":25}},"loc":{"start":{"line":12,"column":33},"end":{"line":25,"column":1}},"line":12}},"branchMap":{},"s":{"0":8,"1":8,"2":8,"3":8,"4":5,"5":5,"6":8,"7":8},"f":{"0":5},"b":{},"_coverageSchema":"43e27e138ebf9cfc5966b082cf9a028302ed4184","hash":"1b95c843194c0974d8117279de76b0f82c54ad93"}
,"E:\\Projects\\Vidly\\Vidly\\Models\\Movies.js": {"path":"E:\\Projects\\Vidly\\Vidly\\Models\\Movies.js","statementMap":{"0":{"start":{"line":1,"column":17},"end":{"line":1,"column":36}},"1":{"start":{"line":2,"column":12},"end":{"line":2,"column":32}},"2":{"start":{"line":4,"column":19},"end":{"line":6,"column":2}},"3":{"start":{"line":8,"column":20},"end":{"line":31,"column":2}},"4":{"start":{"line":20,"column":18},"end":{"line":20,"column":33}},"5":{"start":{"line":27,"column":18},"end":{"line":27,"column":33}},"6":{"start":{"line":33,"column":14},"end":{"line":33,"column":50}},"7":{"start":{"line":36,"column":17},"end":{"line":48,"column":4}},"8":{"start":{"line":50,"column":2},"end":{"line":50,"column":32}},"9":{"start":{"line":53,"column":0},"end":{"line":53,"column":22}},"10":{"start":{"line":54,"column":0},"end":{"line":54,"column":38}}},"fnMap":{"0":{"name":"(anonymous_0)","decl":{"start":{"line":20,"column":9},"end":{"line":20,"column":10}},"loc":{"start":{"line":20,"column":18},"end":{"line":20,"column":33}},"line":20},"1":{"name":"(anonymous_1)","decl":{"start":{"line":27,"column":9},"end":{"line":27,"column":10}},"loc":{"start":{"line":27,"column":18},"end":{"line":27,"column":33}},"line":27},"2":{"name":"validateMovie","decl":{"start":{"line":35,"column":9},"end":{"line":35,"column":22}},"loc":{"start":{"line":35,"column":30},"end":{"line":51,"column":1}},"line":35}},"branchMap":{},"s":{"0":8,"1":8,"2":8,"3":8,"4":36,"5":35,"6":8,"7":5,"8":5,"9":8,"10":8},"f":{"0":36,"1":35,"2":5},"b":{},"_coverageSchema":"43e27e138ebf9cfc5966b082cf9a028302ed4184","hash":"7bc50802303253f91a951debdd073df1a5c573e0"}
,"E:\\Projects\\Vidly\\Vidly\\Models\\Rental.js": {"path":"E:\\Projects\\Vidly\\Vidly\\Models\\Rental.js","statementMap":{"0":{"start":{"line":1,"column":17},"end":{"line":1,"column":36}},"1":{"start":{"line":2,"column":12},"end":{"line":2,"column":32}},"2":{"start":{"line":3,"column":15},"end":{"line":3,"column":32}},"3":{"start":{"line":5,"column":21},"end":{"line":26,"column":2}},"4":{"start":{"line":28,"column":0},"end":{"line":33,"column":2}},"5":{"start":{"line":29,"column":2},"end":{"line":32,"column":5}},"6":{"start":{"line":35,"column":0},"end":{"line":39,"column":2}},"7":{"start":{"line":36,"column":2},"end":{"line":36,"column":33}},"8":{"start":{"line":37,"column":21},"end":{"line":37,"column":56}},"9":{"start":{"line":38,"column":2},"end":{"line":38,"column":59}},"10":{"start":{"line":41,"column":15},"end":{"line":41,"column":53}},"11":{"start":{"line":44,"column":17},"end":{"line":47,"column":4}},"12":{"start":{"line":48,"column":2},"end":{"line":48,"column":32}},"13":{"start":{"line":51,"column":0},"end":{"line":51,"column":24}},"14":{"start":{"line":52,"column":0},"end":{"line":52,"column":40}}},"fnMap":{"0":{"name":"(anonymous_0)","decl":{"start":{"line":28,"column":30},"end":{"line":28,"column":31}},"loc":{"start":{"line":28,"column":60},"end":{"line":33,"column":1}},"line":28},"1":{"name":"(anonymous_1)","decl":{"start":{"line":35,"column":30},"end":{"line":35,"column":31}},"loc":{"start":{"line":35,"column":41},"end":{"line":39,"column":1}},"line":35},"2":{"name":"validateRental","decl":{"start":{"line":43,"column":9},"end":{"line":43,"column":23}},"loc":{"start":{"line":43,"column":31},"end":{"line":49,"column":1}},"line":43}},"branchMap":{},"s":{"0":8,"1":8,"2":8,"3":8,"4":8,"5":7,"6":8,"7":5,"8":5,"9":5,"10":8,"11":5,"12":5,"13":8,"14":8},"f":{"0":7,"1":5,"2":5},"b":{},"_coverageSchema":"43e27e138ebf9cfc5966b082cf9a028302ed4184","hash":"56ae7fd05d04fd2a8d103e7677a9115db52da45f"}
,"E:\\Projects\\Vidly\\Vidly\\Models\\Users.js": {"path":"E:\\Projects\\Vidly\\Vidly\\Models\\Users.js","statementMap":{"0":{"start":{"line":1,"column":17},"end":{"line":1,"column":36}},"1":{"start":{"line":2,"column":12},"end":{"line":2,"column":32}},"2":{"start":{"line":3,"column":12},"end":{"line":3,"column":35}},"3":{"start":{"line":4,"column":15},"end":{"line":4,"column":32}},"4":{"start":{"line":6,"column":19},"end":{"line":17,"column":2}},"5":{"start":{"line":19,"column":0},"end":{"line":24,"column":2}},"6":{"start":{"line":20,"column":2},"end":{"line":23,"column":4}},"7":{"start":{"line":26,"column":13},"end":{"line":26,"column":47}},"8":{"start":{"line":29,"column":17},"end":{"line":41,"column":4}},"9":{"start":{"line":43,"column":2},"end":{"line":43,"column":32}},"10":{"start":{"line":46,"column":0},"end":{"line":46,"column":20}},"11":{"start":{"line":47,"column":0},"end":{"line":47,"column":38}}},"fnMap":{"0":{"name":"(anonymous_0)","decl":{"start":{"line":19,"column":34},"end":{"line":19,"column":35}},"loc":{"start":{"line":19,"column":45},"end":{"line":24,"column":1}},"line":19},"1":{"name":"validateUsers","decl":{"start":{"line":28,"column":9},"end":{"line":28,"column":22}},"loc":{"start":{"line":28,"column":30},"end":{"line":44,"column":1}},"line":28}},"branchMap":{},"s":{"0":10,"1":10,"2":10,"3":10,"4":10,"5":10,"6":77,"7":10,"8":3,"9":3,"10":10,"11":10},"f":{"0":77,"1":3},"b":{},"_coverageSchema":"43e27e138ebf9cfc5966b082cf9a028302ed4184","hash":"926a69a2a4d0864e88af710dcef927a7b59f16a4"}
,"E:\\Projects\\Vidly\\Vidly\\Startup\\config.js": {"path":"E:\\Projects\\Vidly\\Vidly\\Startup\\config.js","statementMap":{"0":{"start":{"line":1,"column":15},"end":{"line":1,"column":32}},"1":{"start":{"line":3,"column":0},"end":{"line":9,"column":2}},"2":{"start":{"line":4,"column":2},"end":{"line":8,"column":3}},"3":{"start":{"line":5,"column":4},"end":{"line":7,"column":6}}},"fnMap":{"0":{"name":"(anonymous_0)","decl":{"start":{"line":3,"column":17},"end":{"line":3,"column":18}},"loc":{"start":{"line":3,"column":28},"end":{"line":9,"column":1}},"line":3}},"branchMap":{"0":{"loc":{"start":{"line":4,"column":2},"end":{"line":8,"column":3}},"type":"if","locations":[{"start":{"line":4,"column":2},"end":{"line":8,"column":3}},{"start":{"line":4,"column":2},"end":{"line":8,"column":3}}],"line":4}},"s":{"0":8,"1":8,"2":8,"3":0},"f":{"0":8},"b":{"0":[0,8]},"_coverageSchema":"43e27e138ebf9cfc5966b082cf9a028302ed4184","hash":"567aa94d16cc88ff4cc3fc1b6de869c6c98799ba"}
,"E:\\Projects\\Vidly\\Vidly\\Startup\\db.js": {"path":"E:\\Projects\\Vidly\\Vidly\\Startup\\db.js","statementMap":{"0":{"start":{"line":1,"column":17},"end":{"line":1,"column":36}},"1":{"start":{"line":2,"column":16},"end":{"line":2,"column":34}},"2":{"start":{"line":3,"column":15},"end":{"line":3,"column":32}},"3":{"start":{"line":4,"column":0},"end":{"line":8,"column":2}},"4":{"start":{"line":5,"column":2},"end":{"line":7,"column":66}},"5":{"start":{"line":7,"column":16},"end":{"line":7,"column":64}}},"fnMap":{"0":{"name":"(anonymous_0)","decl":{"start":{"line":4,"column":17},"end":{"line":4,"column":18}},"loc":{"start":{"line":4,"column":28},"end":{"line":8,"column":1}},"line":4},"1":{"name":"(anonymous_1)","decl":{"start":{"line":7,"column":10},"end":{"line":7,"column":11}},"loc":{"start":{"line":7,"column":16},"end":{"line":7,"column":64}},"line":7}},"branchMap":{},"s":{"0":8,"1":8,"2":8,"3":8,"4":8,"5":8},"f":{"0":8,"1":8},"b":{},"_coverageSchema":"43e27e138ebf9cfc5966b082cf9a028302ed4184","hash":"9ed3053a67ecfd176a868148aa925facc9699307"}
,"E:\\Projects\\Vidly\\Vidly\\Startup\\logging.js": {"path":"E:\\Projects\\Vidly\\Vidly\\Startup\\logging.js","statementMap":{"0":{"start":{"line":1,"column":16},"end":{"line":1,"column":34}},"1":{"start":{"line":3,"column":0},"end":{"line":13,"column":2}},"2":{"start":{"line":4,"column":2},"end":{"line":4,"column":68}},"3":{"start":{"line":6,"column":2},"end":{"line":8,"column":4}},"4":{"start":{"line":10,"column":2},"end":{"line":12,"column":5}},"5":{"start":{"line":11,"column":4},"end":{"line":11,"column":13}}},"fnMap":{"0":{"name":"(anonymous_0)","decl":{"start":{"line":3,"column":17},"end":{"line":3,"column":18}},"loc":{"start":{"line":3,"column":28},"end":{"line":13,"column":1}},"line":3},"1":{"name":"(anonymous_1)","decl":{"start":{"line":10,"column":35},"end":{"line":10,"column":36}},"loc":{"start":{"line":10,"column":41},"end":{"line":12,"column":3}},"line":10}},"branchMap":{},"s":{"0":8,"1":8,"2":8,"3":8,"4":8,"5":0},"f":{"0":8,"1":0},"b":{},"_coverageSchema":"43e27e138ebf9cfc5966b082cf9a028302ed4184","hash":"01fa10bae0add2a08d8cc7451f16e397a6ab1e66"}
,"E:\\Projects\\Vidly\\Vidly\\Startup\\rout.js": {"path":"E:\\Projects\\Vidly\\Vidly\\Startup\\rout.js","statementMap":{"0":{"start":{"line":1,"column":16},"end":{"line":1,"column":34}},"1":{"start":{"line":2,"column":15},"end":{"line":2,"column":32}},"2":{"start":{"line":3,"column":27},"end":{"line":3,"column":53}},"3":{"start":{"line":4,"column":18},"end":{"line":4,"column":47}},"4":{"start":{"line":5,"column":15},"end":{"line":5,"column":41}},"5":{"start":{"line":6,"column":16},"end":{"line":6,"column":42}},"6":{"start":{"line":7,"column":14},"end":{"line":7,"column":39}},"7":{"start":{"line":8,"column":13},"end":{"line":8,"column":37}},"8":{"start":{"line":9,"column":16},"end":{"line":9,"column":43}},"9":{"start":{"line":10,"column":14},"end":{"line":10,"column":44}},"10":{"start":{"line":12,"column":0},"end":{"line":26,"column":2}},"11":{"start":{"line":13,"column":2},"end":{"line":13,"column":20}},"12":{"start":{"line":14,"column":2},"end":{"line":14,"column":50}},"13":{"start":{"line":15,"column":2},"end":{"line":15,"column":26}},"14":{"start":{"line":16,"column":2},"end":{"line":16,"column":39}},"15":{"start":{"line":17,"column":2},"end":{"line":17,"column":33}},"16":{"start":{"line":18,"column":2},"end":{"line":18,"column":35}},"17":{"start":{"line":19,"column":2},"end":{"line":19,"column":31}},"18":{"start":{"line":20,"column":2},"end":{"line":20,"column":29}},"19":{"start":{"line":21,"column":2},"end":{"line":21,"column":33}},"20":{"start":{"line":22,"column":2},"end":{"line":22,"column":35}},"21":{"start":{"line":23,"column":2},"end":{"line":23,"column":49}},"22":{"start":{"line":25,"column":2},"end":{"line":25,"column":17}}},"fnMap":{"0":{"name":"(anonymous_0)","decl":{"start":{"line":12,"column":17},"end":{"line":12,"column":18}},"loc":{"start":{"line":12,"column":31},"end":{"line":26,"column":1}},"line":12}},"branchMap":{},"s":{"0":8,"1":8,"2":8,"3":8,"4":8,"5":8,"6":8,"7":8,"8":8,"9":8,"10":8,"11":8,"12":8,"13":8,"14":8,"15":8,"16":8,"17":8,"18":8,"19":8,"20":8,"21":8,"22":8},"f":{"0":8},"b":{},"_coverageSchema":"43e27e138ebf9cfc5966b082cf9a028302ed4184","hash":"546b37f5f772bf8f4561e5b3c283e737975e63d3"}
,"E:\\Projects\\Vidly\\Vidly\\Startup\\validation.js": {"path":"E:\\Projects\\Vidly\\Vidly\\Startup\\validation.js","statementMap":{"0":{"start":{"line":1,"column":12},"end":{"line":1,"column":32}},"1":{"start":{"line":3,"column":0},"end":{"line":5,"column":2}},"2":{"start":{"line":4,"column":2},"end":{"line":4,"column":46}}},"fnMap":{"0":{"name":"(anonymous_0)","decl":{"start":{"line":3,"column":17},"end":{"line":3,"column":18}},"loc":{"start":{"line":3,"column":28},"end":{"line":5,"column":1}},"line":3}},"branchMap":{},"s":{"0":8,"1":8,"2":8},"f":{"0":8},"b":{},"_coverageSchema":"43e27e138ebf9cfc5966b082cf9a028302ed4184","hash":"0c44e9169cb1801fffda5c0ed9544709023105c5"}
,"E:\\Projects\\Vidly\\Vidly\\routs\\Customers.js": {"path":"E:\\Projects\\Vidly\\Vidly\\routs\\Customers.js","statementMap":{"0":{"start":{"line":1,"column":16},"end":{"line":1,"column":34}},"1":{"start":{"line":2,"column":31},"end":{"line":2,"column":60}},"2":{"start":{"line":3,"column":13},"end":{"line":3,"column":42}},"3":{"start":{"line":4,"column":14},"end":{"line":4,"column":44}},"4":{"start":{"line":5,"column":21},"end":{"line":5,"column":54}},"5":{"start":{"line":6,"column":25},"end":{"line":6,"column":66}},"6":{"start":{"line":7,"column":15},"end":{"line":7,"column":31}},"7":{"start":{"line":9,"column":0},"end":{"line":12,"column":3}},"8":{"start":{"line":10,"column":18},"end":{"line":10,"column":57}},"9":{"start":{"line":11,"column":2},"end":{"line":11,"column":20}},"10":{"start":{"line":14,"column":0},"end":{"line":23,"column":3}},"11":{"start":{"line":15,"column":34},"end":{"line":15,"column":42}},"12":{"start":{"line":16,"column":19},"end":{"line":20,"column":4}},"13":{"start":{"line":21,"column":2},"end":{"line":21,"column":24}},"14":{"start":{"line":22,"column":2},"end":{"line":22,"column":21}},"15":{"start":{"line":25,"column":0},"end":{"line":30,"column":3}},"16":{"start":{"line":26,"column":19},"end":{"line":26,"column":57}},"17":{"start":{"line":27,"column":2},"end":{"line":27,"column":71}},"18":{"start":{"line":27,"column":17},"end":{"line":27,"column":71}},"19":{"start":{"line":29,"column":2},"end":{"line":29,"column":21}},"20":{"start":{"line":32,"column":0},"end":{"line":54,"column":2}},"21":{"start":{"line":36,"column":19},"end":{"line":36,"column":29}},"22":{"start":{"line":37,"column":36},"end":{"line":37,"column":44}},"23":{"start":{"line":39,"column":21},"end":{"line":49,"column":5}},"24":{"start":{"line":50,"column":4},"end":{"line":50,"column":73}},"25":{"start":{"line":50,"column":19},"end":{"line":50,"column":73}},"26":{"start":{"line":52,"column":4},"end":{"line":52,"column":23}},"27":{"start":{"line":56,"column":0},"end":{"line":62,"column":3}},"28":{"start":{"line":57,"column":19},"end":{"line":57,"column":57}},"29":{"start":{"line":58,"column":2},"end":{"line":58,"column":71}},"30":{"start":{"line":58,"column":17},"end":{"line":58,"column":71}},"31":{"start":{"line":60,"column":17},"end":{"line":60,"column":65}},"32":{"start":{"line":61,"column":2},"end":{"line":61,"column":19}},"33":{"start":{"line":64,"column":0},"end":{"line":64,"column":24}}},"fnMap":{"0":{"name":"(anonymous_0)","decl":{"start":{"line":9,"column":16},"end":{"line":9,"column":17}},"loc":{"start":{"line":9,"column":36},"end":{"line":12,"column":1}},"line":9},"1":{"name":"(anonymous_1)","decl":{"start":{"line":14,"column":49},"end":{"line":14,"column":50}},"loc":{"start":{"line":14,"column":69},"end":{"line":23,"column":1}},"line":14},"2":{"name":"(anonymous_2)","decl":{"start":{"line":25,"column":37},"end":{"line":25,"column":38}},"loc":{"start":{"line":25,"column":57},"end":{"line":30,"column":1}},"line":25},"3":{"name":"(anonymous_3)","decl":{"start":{"line":35,"column":2},"end":{"line":35,"column":3}},"loc":{"start":{"line":35,"column":22},"end":{"line":53,"column":3}},"line":35},"4":{"name":"(anonymous_4)","decl":{"start":{"line":56,"column":55},"end":{"line":56,"column":56}},"loc":{"start":{"line":56,"column":75},"end":{"line":62,"column":1}},"line":56}},"branchMap":{"0":{"loc":{"start":{"line":27,"column":2},"end":{"line":27,"column":71}},"type":"if","locations":[{"start":{"line":27,"column":2},"end":{"line":27,"column":71}},{"start":{"line":27,"column":2},"end":{"line":27,"column":71}}],"line":27},"1":{"loc":{"start":{"line":50,"column":4},"end":{"line":50,"column":73}},"type":"if","locations":[{"start":{"line":50,"column":4},"end":{"line":50,"column":73}},{"start":{"line":50,"column":4},"end":{"line":50,"column":73}}],"line":50},"2":{"loc":{"start":{"line":58,"column":2},"end":{"line":58,"column":71}},"type":"if","locations":[{"start":{"line":58,"column":2},"end":{"line":58,"column":71}},{"start":{"line":58,"column":2},"end":{"line":58,"column":71}}],"line":58}},"s":{"0":8,"1":8,"2":8,"3":8,"4":8,"5":8,"6":8,"7":8,"8":1,"9":1,"10":8,"11":1,"12":1,"13":1,"14":1,"15":8,"16":2,"17":2,"18":1,"19":1,"20":8,"21":2,"22":2,"23":2,"24":2,"25":1,"26":1,"27":8,"28":2,"29":2,"30":1,"31":1,"32":1,"33":8},"f":{"0":1,"1":1,"2":2,"3":2,"4":2},"b":{"0":[1,1],"1":[1,1],"2":[1,1]},"_coverageSchema":"43e27e138ebf9cfc5966b082cf9a028302ed4184","hash":"85a712bbb122d089b91d524221a56be18c49417f"}
,"E:\\Projects\\Vidly\\Vidly\\routs\\Movies.js": {"path":"E:\\Projects\\Vidly\\Vidly\\routs\\Movies.js","statementMap":{"0":{"start":{"line":1,"column":16},"end":{"line":1,"column":34}},"1":{"start":{"line":2,"column":18},"end":{"line":2,"column":37}},"2":{"start":{"line":3,"column":13},"end":{"line":3,"column":42}},"3":{"start":{"line":4,"column":14},"end":{"line":4,"column":44}},"4":{"start":{"line":5,"column":21},"end":{"line":5,"column":54}},"5":{"start":{"line":6,"column":25},"end":{"line":6,"column":66}},"6":{"start":{"line":7,"column":33},"end":{"line":7,"column":60}},"7":{"start":{"line":9,"column":15},"end":{"line":9,"column":31}},"8":{"start":{"line":11,"column":0},"end":{"line":14,"column":3}},"9":{"start":{"line":12,"column":17},"end":{"line":12,"column":54}},"10":{"start":{"line":13,"column":2},"end":{"line":13,"column":19}},"11":{"start":{"line":16,"column":0},"end":{"line":21,"column":3}},"12":{"start":{"line":17,"column":16},"end":{"line":17,"column":51}},"13":{"start":{"line":18,"column":2},"end":{"line":18,"column":65}},"14":{"start":{"line":18,"column":14},"end":{"line":18,"column":65}},"15":{"start":{"line":20,"column":2},"end":{"line":20,"column":18}},"16":{"start":{"line":23,"column":0},"end":{"line":37,"column":3}},"17":{"start":{"line":24,"column":16},"end":{"line":24,"column":54}},"18":{"start":{"line":25,"column":2},"end":{"line":25,"column":59}},"19":{"start":{"line":25,"column":14},"end":{"line":25,"column":59}},"20":{"start":{"line":26,"column":16},"end":{"line":34,"column":4}},"21":{"start":{"line":36,"column":2},"end":{"line":36,"column":31}},"22":{"start":{"line":39,"column":0},"end":{"line":62,"column":2}},"23":{"start":{"line":43,"column":18},"end":{"line":43,"column":56}},"24":{"start":{"line":44,"column":4},"end":{"line":44,"column":61}},"25":{"start":{"line":44,"column":16},"end":{"line":44,"column":61}},"26":{"start":{"line":45,"column":18},"end":{"line":59,"column":5}},"27":{"start":{"line":60,"column":4},"end":{"line":60,"column":20}},"28":{"start":{"line":64,"column":0},"end":{"line":67,"column":3}},"29":{"start":{"line":65,"column":17},"end":{"line":65,"column":62}},"30":{"start":{"line":66,"column":2},"end":{"line":66,"column":19}},"31":{"start":{"line":69,"column":0},"end":{"line":69,"column":24}}},"fnMap":{"0":{"name":"(anonymous_0)","decl":{"start":{"line":11,"column":16},"end":{"line":11,"column":17}},"loc":{"start":{"line":11,"column":36},"end":{"line":14,"column":1}},"line":11},"1":{"name":"(anonymous_1)","decl":{"start":{"line":16,"column":37},"end":{"line":16,"column":38}},"loc":{"start":{"line":16,"column":57},"end":{"line":21,"column":1}},"line":16},"2":{"name":"(anonymous_2)","decl":{"start":{"line":23,"column":54},"end":{"line":23,"column":55}},"loc":{"start":{"line":23,"column":74},"end":{"line":37,"column":1}},"line":23},"3":{"name":"(anonymous_3)","decl":{"start":{"line":42,"column":2},"end":{"line":42,"column":3}},"loc":{"start":{"line":42,"column":22},"end":{"line":61,"column":3}},"line":42},"4":{"name":"(anonymous_4)","decl":{"start":{"line":64,"column":55},"end":{"line":64,"column":56}},"loc":{"start":{"line":64,"column":75},"end":{"line":67,"column":1}},"line":64}},"branchMap":{"0":{"loc":{"start":{"line":18,"column":2},"end":{"line":18,"column":65}},"type":"if","locations":[{"start":{"line":18,"column":2},"end":{"line":18,"column":65}},{"start":{"line":18,"column":2},"end":{"line":18,"column":65}}],"line":18},"1":{"loc":{"start":{"line":25,"column":2},"end":{"line":25,"column":59}},"type":"if","locations":[{"start":{"line":25,"column":2},"end":{"line":25,"column":59}},{"start":{"line":25,"column":2},"end":{"line":25,"column":59}}],"line":25},"2":{"loc":{"start":{"line":44,"column":4},"end":{"line":44,"column":61}},"type":"if","locations":[{"start":{"line":44,"column":4},"end":{"line":44,"column":61}},{"start":{"line":44,"column":4},"end":{"line":44,"column":61}}],"line":44}},"s":{"0":8,"1":8,"2":8,"3":8,"4":8,"5":8,"6":8,"7":8,"8":8,"9":1,"10":1,"11":8,"12":2,"13":2,"14":1,"15":1,"16":8,"17":2,"18":2,"19":1,"20":1,"21":1,"22":8,"23":2,"24":2,"25":1,"26":1,"27":1,"28":8,"29":1,"30":1,"31":8},"f":{"0":1,"1":2,"2":2,"3":2,"4":1},"b":{"0":[1,1],"1":[1,1],"2":[1,1]},"_coverageSchema":"43e27e138ebf9cfc5966b082cf9a028302ed4184","hash":"84355d12b70c63f710b2670dd32f3dd366096f79"}
,"E:\\Projects\\Vidly\\Vidly\\routs\\Rental.js": {"path":"E:\\Projects\\Vidly\\Vidly\\routs\\Rental.js","statementMap":{"0":{"start":{"line":1,"column":16},"end":{"line":1,"column":34}},"1":{"start":{"line":2,"column":35},"end":{"line":2,"column":62}},"2":{"start":{"line":3,"column":18},"end":{"line":3,"column":45}},"3":{"start":{"line":4,"column":21},"end":{"line":4,"column":50}},"4":{"start":{"line":5,"column":17},"end":{"line":5,"column":36}},"5":{"start":{"line":6,"column":13},"end":{"line":6,"column":28}},"6":{"start":{"line":7,"column":13},"end":{"line":7,"column":42}},"7":{"start":{"line":8,"column":21},"end":{"line":8,"column":54}},"8":{"start":{"line":10,"column":0},"end":{"line":10,"column":20}},"9":{"start":{"line":12,"column":13},"end":{"line":12,"column":29}},"10":{"start":{"line":14,"column":0},"end":{"line":17,"column":3}},"11":{"start":{"line":15,"column":18},"end":{"line":15,"column":59}},"12":{"start":{"line":16,"column":2},"end":{"line":16,"column":20}},"13":{"start":{"line":19,"column":0},"end":{"line":59,"column":3}},"14":{"start":{"line":20,"column":34},"end":{"line":20,"column":42}},"15":{"start":{"line":22,"column":16},"end":{"line":22,"column":45}},"16":{"start":{"line":23,"column":19},"end":{"line":23,"column":54}},"17":{"start":{"line":25,"column":2},"end":{"line":25,"column":66}},"18":{"start":{"line":25,"column":14},"end":{"line":25,"column":66}},"19":{"start":{"line":27,"column":2},"end":{"line":27,"column":72}},"20":{"start":{"line":27,"column":17},"end":{"line":27,"column":72}},"21":{"start":{"line":29,"column":2},"end":{"line":30,"column":54}},"22":{"start":{"line":30,"column":4},"end":{"line":30,"column":54}},"23":{"start":{"line":32,"column":15},"end":{"line":43,"column":4}},"24":{"start":{"line":45,"column":2},"end":{"line":57,"column":11}},"25":{"start":{"line":58,"column":2},"end":{"line":58,"column":19}},"26":{"start":{"line":61,"column":0},"end":{"line":61,"column":22}}},"fnMap":{"0":{"name":"(anonymous_0)","decl":{"start":{"line":14,"column":14},"end":{"line":14,"column":15}},"loc":{"start":{"line":14,"column":34},"end":{"line":17,"column":1}},"line":14},"1":{"name":"(anonymous_1)","decl":{"start":{"line":19,"column":53},"end":{"line":19,"column":54}},"loc":{"start":{"line":19,"column":73},"end":{"line":59,"column":1}},"line":19}},"branchMap":{"0":{"loc":{"start":{"line":25,"column":2},"end":{"line":25,"column":66}},"type":"if","locations":[{"start":{"line":25,"column":2},"end":{"line":25,"column":66}},{"start":{"line":25,"column":2},"end":{"line":25,"column":66}}],"line":25},"1":{"loc":{"start":{"line":27,"column":2},"end":{"line":27,"column":72}},"type":"if","locations":[{"start":{"line":27,"column":2},"end":{"line":27,"column":72}},{"start":{"line":27,"column":2},"end":{"line":27,"column":72}}],"line":27},"2":{"loc":{"start":{"line":29,"column":2},"end":{"line":30,"column":54}},"type":"if","locations":[{"start":{"line":29,"column":2},"end":{"line":30,"column":54}},{"start":{"line":29,"column":2},"end":{"line":30,"column":54}}],"line":29}},"s":{"0":8,"1":8,"2":8,"3":8,"4":8,"5":8,"6":8,"7":8,"8":8,"9":8,"10":8,"11":1,"12":1,"13":8,"14":4,"15":4,"16":4,"17":4,"18":1,"19":3,"20":1,"21":2,"22":1,"23":1,"24":1,"25":1,"26":8},"f":{"0":1,"1":4},"b":{"0":[1,3],"1":[1,2],"2":[1,1]},"_coverageSchema":"43e27e138ebf9cfc5966b082cf9a028302ed4184","hash":"437bc327f6d3c371597e886195693dcad9c117e6"}
,"E:\\Projects\\Vidly\\Vidly\\routs\\Users.js": {"path":"E:\\Projects\\Vidly\\Vidly\\routs\\Users.js","statementMap":{"0":{"start":{"line":1,"column":16},"end":{"line":1,"column":34}},"1":{"start":{"line":2,"column":10},"end":{"line":2,"column":27}},"2":{"start":{"line":3,"column":15},"end":{"line":3,"column":32}},"3":{"start":{"line":4,"column":13},"end":{"line":4,"column":42}},"4":{"start":{"line":5,"column":21},"end":{"line":5,"column":54}},"5":{"start":{"line":6,"column":32},"end":{"line":6,"column":58}},"6":{"start":{"line":7,"column":15},"end":{"line":7,"column":31}},"7":{"start":{"line":9,"column":0},"end":{"line":12,"column":3}},"8":{"start":{"line":10,"column":15},"end":{"line":10,"column":68}},"9":{"start":{"line":11,"column":2},"end":{"line":11,"column":17}},"10":{"start":{"line":14,"column":0},"end":{"line":32,"column":3}},"11":{"start":{"line":15,"column":36},"end":{"line":15,"column":44}},"12":{"start":{"line":16,"column":13},"end":{"line":16,"column":49}},"13":{"start":{"line":17,"column":2},"end":{"line":17,"column":67}},"14":{"start":{"line":17,"column":12},"end":{"line":17,"column":67}},"15":{"start":{"line":19,"column":2},"end":{"line":23,"column":5}},"16":{"start":{"line":24,"column":15},"end":{"line":24,"column":39}},"17":{"start":{"line":25,"column":2},"end":{"line":25,"column":57}},"18":{"start":{"line":26,"column":2},"end":{"line":26,"column":20}},"19":{"start":{"line":27,"column":16},"end":{"line":27,"column":35}},"20":{"start":{"line":28,"column":2},"end":{"line":30,"column":50}},"21":{"start":{"line":34,"column":0},"end":{"line":34,"column":24}}},"fnMap":{"0":{"name":"(anonymous_0)","decl":{"start":{"line":9,"column":24},"end":{"line":9,"column":25}},"loc":{"start":{"line":9,"column":44},"end":{"line":12,"column":1}},"line":9},"1":{"name":"(anonymous_1)","decl":{"start":{"line":14,"column":46},"end":{"line":14,"column":47}},"loc":{"start":{"line":14,"column":66},"end":{"line":32,"column":1}},"line":14}},"branchMap":{"0":{"loc":{"start":{"line":17,"column":2},"end":{"line":17,"column":67}},"type":"if","locations":[{"start":{"line":17,"column":2},"end":{"line":17,"column":67}},{"start":{"line":17,"column":2},"end":{"line":17,"column":67}}],"line":17}},"s":{"0":8,"1":8,"2":8,"3":8,"4":8,"5":8,"6":8,"7":8,"8":1,"9":1,"10":8,"11":2,"12":2,"13":2,"14":1,"15":1,"16":1,"17":1,"18":1,"19":1,"20":1,"21":8},"f":{"0":1,"1":2},"b":{"0":[1,1]},"_coverageSchema":"43e27e138ebf9cfc5966b082cf9a028302ed4184","hash":"c655e8f27eeeee613c6c2348db1408d1fd603e9d"}
,"E:\\Projects\\Vidly\\Vidly\\routs\\auth.js": {"path":"E:\\Projects\\Vidly\\Vidly\\routs\\auth.js","statementMap":{"0":{"start":{"line":1,"column":16},"end":{"line":1,"column":34}},"1":{"start":{"line":2,"column":15},"end":{"line":2,"column":32}},"2":{"start":{"line":3,"column":12},"end":{"line":3,"column":32}},"3":{"start":{"line":4,"column":21},"end":{"line":4,"column":54}},"4":{"start":{"line":5,"column":17},"end":{"line":5,"column":43}},"5":{"start":{"line":7,"column":15},"end":{"line":7,"column":31}},"6":{"start":{"line":9,"column":0},"end":{"line":19,"column":3}},"7":{"start":{"line":10,"column":15},"end":{"line":10,"column":60}},"8":{"start":{"line":11,"column":2},"end":{"line":11,"column":72}},"9":{"start":{"line":11,"column":13},"end":{"line":11,"column":72}},"10":{"start":{"line":13,"column":24},"end":{"line":13,"column":78}},"11":{"start":{"line":14,"column":2},"end":{"line":15,"column":63}},"12":{"start":{"line":15,"column":4},"end":{"line":15,"column":63}},"13":{"start":{"line":17,"column":16},"end":{"line":17,"column":35}},"14":{"start":{"line":18,"column":2},"end":{"line":18,"column":18}},"15":{"start":{"line":22,"column":17},"end":{"line":27,"column":4}},"16":{"start":{"line":29,"column":2},"end":{"line":29,"column":32}},"17":{"start":{"line":32,"column":0},"end":{"line":32,"column":24}}},"fnMap":{"0":{"name":"(anonymous_0)","decl":{"start":{"line":9,"column":41},"end":{"line":9,"column":42}},"loc":{"start":{"line":9,"column":61},"end":{"line":19,"column":1}},"line":9},"1":{"name":"validate","decl":{"start":{"line":21,"column":9},"end":{"line":21,"column":17}},"loc":{"start":{"line":21,"column":25},"end":{"line":30,"column":1}},"line":21}},"branchMap":{"0":{"loc":{"start":{"line":11,"column":2},"end":{"line":11,"column":72}},"type":"if","locations":[{"start":{"line":11,"column":2},"end":{"line":11,"column":72}},{"start":{"line":11,"column":2},"end":{"line":11,"column":72}}],"line":11},"1":{"loc":{"start":{"line":14,"column":2},"end":{"line":15,"column":63}},"type":"if","locations":[{"start":{"line":14,"column":2},"end":{"line":15,"column":63}},{"start":{"line":14,"column":2},"end":{"line":15,"column":63}}],"line":14}},"s":{"0":8,"1":8,"2":8,"3":8,"4":8,"5":8,"6":8,"7":3,"8":3,"9":1,"10":2,"11":2,"12":1,"13":1,"14":1,"15":4,"16":4,"17":8},"f":{"0":3,"1":4},"b":{"0":[1,2],"1":[1,1]},"_coverageSchema":"43e27e138ebf9cfc5966b082cf9a028302ed4184","hash":"a45fe848443d4e01403cd4a83a011e3cf92c8e8c"}
,"E:\\Projects\\Vidly\\Vidly\\routs\\genres.js": {"path":"E:\\Projects\\Vidly\\Vidly\\routs\\genres.js","statementMap":{"0":{"start":{"line":1,"column":16},"end":{"line":1,"column":34}},"1":{"start":{"line":2,"column":12},"end":{"line":2,"column":32}},"2":{"start":{"line":3,"column":17},"end":{"line":3,"column":36}},"3":{"start":{"line":4,"column":15},"end":{"line":4,"column":31}},"4":{"start":{"line":5,"column":13},"end":{"line":5,"column":42}},"5":{"start":{"line":6,"column":14},"end":{"line":6,"column":44}},"6":{"start":{"line":7,"column":25},"end":{"line":7,"column":66}},"7":{"start":{"line":8,"column":21},"end":{"line":8,"column":54}},"8":{"start":{"line":10,"column":20},"end":{"line":18,"column":2}},"9":{"start":{"line":20,"column":14},"end":{"line":20,"column":50}},"10":{"start":{"line":22,"column":0},"end":{"line":25,"column":3}},"11":{"start":{"line":23,"column":17},"end":{"line":23,"column":35}},"12":{"start":{"line":24,"column":2},"end":{"line":24,"column":19}},"13":{"start":{"line":27,"column":0},"end":{"line":32,"column":3}},"14":{"start":{"line":28,"column":16},"end":{"line":28,"column":51}},"15":{"start":{"line":29,"column":2},"end":{"line":29,"column":65}},"16":{"start":{"line":29,"column":14},"end":{"line":29,"column":65}},"17":{"start":{"line":31,"column":2},"end":{"line":31,"column":18}},"18":{"start":{"line":34,"column":0},"end":{"line":41,"column":3}},"19":{"start":{"line":35,"column":16},"end":{"line":37,"column":4}},"20":{"start":{"line":39,"column":2},"end":{"line":39,"column":21}},"21":{"start":{"line":40,"column":2},"end":{"line":40,"column":18}},"22":{"start":{"line":43,"column":0},"end":{"line":62,"column":2}},"23":{"start":{"line":47,"column":19},"end":{"line":47,"column":29}},"24":{"start":{"line":49,"column":18},"end":{"line":57,"column":5}},"25":{"start":{"line":58,"column":4},"end":{"line":58,"column":67}},"26":{"start":{"line":58,"column":16},"end":{"line":58,"column":67}},"27":{"start":{"line":60,"column":4},"end":{"line":60,"column":20}},"28":{"start":{"line":64,"column":0},"end":{"line":70,"column":3}},"29":{"start":{"line":65,"column":16},"end":{"line":65,"column":51}},"30":{"start":{"line":66,"column":2},"end":{"line":66,"column":65}},"31":{"start":{"line":66,"column":14},"end":{"line":66,"column":65}},"32":{"start":{"line":68,"column":17},"end":{"line":68,"column":63}},"33":{"start":{"line":69,"column":2},"end":{"line":69,"column":19}},"34":{"start":{"line":73,"column":17},"end":{"line":78,"column":4}},"35":{"start":{"line":80,"column":2},"end":{"line":80,"column":32}},"36":{"start":{"line":84,"column":17},"end":{"line":89,"column":4}},"37":{"start":{"line":90,"column":2},"end":{"line":90,"column":32}},"38":{"start":{"line":93,"column":0},"end":{"line":93,"column":31}},"39":{"start":{"line":94,"column":0},"end":{"line":94,"column":29}}},"fnMap":{"0":{"name":"(anonymous_0)","decl":{"start":{"line":22,"column":16},"end":{"line":22,"column":17}},"loc":{"start":{"line":22,"column":36},"end":{"line":25,"column":1}},"line":22},"1":{"name":"(anonymous_1)","decl":{"start":{"line":27,"column":37},"end":{"line":27,"column":38}},"loc":{"start":{"line":27,"column":57},"end":{"line":32,"column":1}},"line":27},"2":{"name":"(anonymous_2)","decl":{"start":{"line":34,"column":55},"end":{"line":34,"column":56}},"loc":{"start":{"line":34,"column":75},"end":{"line":41,"column":1}},"line":34},"3":{"name":"(anonymous_3)","decl":{"start":{"line":46,"column":2},"end":{"line":46,"column":3}},"loc":{"start":{"line":46,"column":22},"end":{"line":61,"column":3}},"line":46},"4":{"name":"(anonymous_4)","decl":{"start":{"line":64,"column":53},"end":{"line":64,"column":54}},"loc":{"start":{"line":64,"column":73},"end":{"line":70,"column":1}},"line":64},"5":{"name":"validateGenres","decl":{"start":{"line":72,"column":9},"end":{"line":72,"column":23}},"loc":{"start":{"line":72,"column":31},"end":{"line":81,"column":1}},"line":72},"6":{"name":"validateUpdate","decl":{"start":{"line":83,"column":9},"end":{"line":83,"column":23}},"loc":{"start":{"line":83,"column":31},"end":{"line":91,"column":1}},"line":83}},"branchMap":{"0":{"loc":{"start":{"line":29,"column":2},"end":{"line":29,"column":65}},"type":"if","locations":[{"start":{"line":29,"column":2},"end":{"line":29,"column":65}},{"start":{"line":29,"column":2},"end":{"line":29,"column":65}}],"line":29},"1":{"loc":{"start":{"line":58,"column":4},"end":{"line":58,"column":67}},"type":"if","locations":[{"start":{"line":58,"column":4},"end":{"line":58,"column":67}},{"start":{"line":58,"column":4},"end":{"line":58,"column":67}}],"line":58},"2":{"loc":{"start":{"line":66,"column":2},"end":{"line":66,"column":65}},"type":"if","locations":[{"start":{"line":66,"column":2},"end":{"line":66,"column":65}},{"start":{"line":66,"column":2},"end":{"line":66,"column":65}}],"line":66}},"s":{"0":8,"1":8,"2":8,"3":8,"4":8,"5":8,"6":8,"7":8,"8":8,"9":8,"10":8,"11":1,"12":1,"13":8,"14":1,"15":1,"16":0,"17":1,"18":8,"19":2,"20":2,"21":2,"22":8,"23":2,"24":2,"25":2,"26":1,"27":1,"28":8,"29":0,"30":0,"31":0,"32":0,"33":0,"34":7,"35":7,"36":0,"37":0,"38":8,"39":8},"f":{"0":1,"1":1,"2":2,"3":2,"4":0,"5":7,"6":0},"b":{"0":[0,1],"1":[1,1],"2":[0,0]},"_coverageSchema":"43e27e138ebf9cfc5966b082cf9a028302ed4184","hash":"4b4d386cc886b7ff0a9cd7f0bd43831eda1a6a31"}
,"E:\\Projects\\Vidly\\Vidly\\routs\\returns.js": {"path":"E:\\Projects\\Vidly\\Vidly\\routs\\returns.js","statementMap":{"0":{"start":{"line":1,"column":16},"end":{"line":1,"column":34}},"1":{"start":{"line":2,"column":12},"end":{"line":2,"column":32}},"2":{"start":{"line":3,"column":15},"end":{"line":3,"column":31}},"3":{"start":{"line":4,"column":13},"end":{"line":4,"column":42}},"4":{"start":{"line":5,"column":21},"end":{"line":5,"column":54}},"5":{"start":{"line":6,"column":19},"end":{"line":6,"column":46}},"6":{"start":{"line":7,"column":18},"end":{"line":7,"column":45}},"7":{"start":{"line":9,"column":0},"end":{"line":29,"column":3}},"8":{"start":{"line":10,"column":34},"end":{"line":10,"column":42}},"9":{"start":{"line":11,"column":17},"end":{"line":11,"column":57}},"10":{"start":{"line":12,"column":2},"end":{"line":12,"column":65}},"11":{"start":{"line":12,"column":15},"end":{"line":12,"column":65}},"12":{"start":{"line":14,"column":2},"end":{"line":14,"column":74}},"13":{"start":{"line":14,"column":27},"end":{"line":14,"column":74}},"14":{"start":{"line":16,"column":2},"end":{"line":16,"column":18}},"15":{"start":{"line":17,"column":2},"end":{"line":17,"column":22}},"16":{"start":{"line":19,"column":2},"end":{"line":26,"column":4}},"17":{"start":{"line":28,"column":2},"end":{"line":28,"column":19}},"18":{"start":{"line":32,"column":17},"end":{"line":35,"column":4}},"19":{"start":{"line":37,"column":2},"end":{"line":37,"column":31}},"20":{"start":{"line":40,"column":0},"end":{"line":40,"column":24}}},"fnMap":{"0":{"name":"(anonymous_0)","decl":{"start":{"line":9,"column":55},"end":{"line":9,"column":56}},"loc":{"start":{"line":9,"column":75},"end":{"line":29,"column":1}},"line":9},"1":{"name":"validateReturn","decl":{"start":{"line":31,"column":9},"end":{"line":31,"column":23}},"loc":{"start":{"line":31,"column":30},"end":{"line":38,"column":1}},"line":31}},"branchMap":{"0":{"loc":{"start":{"line":12,"column":2},"end":{"line":12,"column":65}},"type":"if","locations":[{"start":{"line":12,"column":2},"end":{"line":12,"column":65}},{"start":{"line":12,"column":2},"end":{"line":12,"column":65}}],"line":12},"1":{"loc":{"start":{"line":14,"column":2},"end":{"line":14,"column":74}},"type":"if","locations":[{"start":{"line":14,"column":2},"end":{"line":14,"column":74}},{"start":{"line":14,"column":2},"end":{"line":14,"column":74}}],"line":14}},"s":{"0":8,"1":8,"2":8,"3":8,"4":8,"5":8,"6":8,"7":8,"8":7,"9":7,"10":7,"11":1,"12":6,"13":1,"14":5,"15":5,"16":5,"17":5,"18":9,"19":9,"20":8},"f":{"0":7,"1":9},"b":{"0":[1,6],"1":[1,5]},"_coverageSchema":"43e27e138ebf9cfc5966b082cf9a028302ed4184","hash":"5118c2bc1fec07d88c9de01d875631ee466a5ff0"}
}
