TN:
SF:E:\Projects\Vidly\Vidly\app.js
FN:20,(anonymous_0)
FNF:1
FNH:1
FNDA:8,(anonymous_0)
DA:1,8
DA:2,8
DA:3,8
DA:4,8
DA:5,8
DA:6,8
DA:7,8
DA:8,8
DA:9,8
DA:10,8
DA:11,8
DA:12,8
DA:14,8
DA:15,0
DA:16,0
DA:19,8
DA:20,8
DA:21,8
DA:23,8
DA:25,8
LF:20
LH:18
BRDA:14,0,0,0
BRDA:14,0,1,8
BRDA:19,1,0,8
BRDA:19,1,1,8
BRF:4
BRH:3
end_of_record
TN:
SF:E:\Projects\Vidly\Vidly\Middleware\admin.js
FN:1,(anonymous_0)
FNF:1
FNH:1
FNDA:8,(anonymous_0)
DA:1,8
DA:2,8
DA:3,5
LF:3
LH:3
BRDA:2,0,0,3
BRDA:2,0,1,5
BRF:2
BRH:2
end_of_record
TN:
SF:E:\Projects\Vidly\Vidly\Middleware\auth.js
FN:4,(anonymous_0)
FNF:1
FNH:1
FNDA:56,(anonymous_0)
DA:1,9
DA:2,9
DA:4,9
DA:5,56
DA:6,56
DA:8,45
DA:9,45
DA:10,44
DA:11,44
DA:13,1
LF:10
LH:10
BRDA:6,0,0,11
BRDA:6,0,1,45
BRF:2
BRH:2
end_of_record
TN:
SF:E:\Projects\Vidly\Vidly\Middleware\error.js
FN:3,(anonymous_0)
FNF:1
FNH:0
FNDA:0,(anonymous_0)
DA:1,8
DA:3,8
DA:4,0
DA:6,0
LF:4
LH:2
BRF:0
BRH:0
end_of_record
TN:
SF:E:\Projects\Vidly\Vidly\Middleware\validate.js
FN:1,(anonymous_0)
FN:2,(anonymous_1)
FNF:2
FNH:2
FNDA:80,(anonymous_0)
FNDA:38,(anonymous_1)
DA:1,8
DA:2,80
DA:3,38
DA:4,38
DA:5,27
LF:5
LH:5
BRDA:4,0,0,11
BRDA:4,0,1,27
BRF:2
BRH:2
end_of_record
TN:
SF:E:\Projects\Vidly\Vidly\Middleware\validateObjectId.js
FN:3,(anonymous_0)
FNF:1
FNH:1
FNDA:24,(anonymous_0)
DA:1,8
DA:3,8
DA:4,24
DA:5,8
DA:6,16
LF:5
LH:5
BRDA:4,0,0,8
BRDA:4,0,1,16
BRF:2
BRH:2
end_of_record
TN:
SF:E:\Projects\Vidly\Vidly\Models\Customer.js
FN:12,validateCustomer
FNF:1
FNH:1
FNDA:5,validateCustomer
DA:1,8
DA:2,8
DA:4,8
DA:10,8
DA:13,5
DA:24,5
DA:27,8
DA:28,8
LF:8
LH:8
BRF:0
BRH:0
end_of_record
TN:
SF:E:\Projects\Vidly\Vidly\Models\Movies.js
FN:20,(anonymous_0)
FN:27,(anonymous_1)
FN:35,validateMovie
FNF:3
FNH:3
FNDA:36,(anonymous_0)
FNDA:35,(anonymous_1)
FNDA:5,validateMovie
DA:1,8
DA:2,8
DA:4,8
DA:8,8
DA:20,36
DA:27,35
DA:33,8
DA:36,5
DA:50,5
DA:53,8
DA:54,8
LF:11
LH:11
BRF:0
BRH:0
end_of_record
TN:
SF:E:\Projects\Vidly\Vidly\Models\Rental.js
FN:28,(anonymous_0)
FN:35,(anonymous_1)
FN:43,validateRental
FNF:3
FNH:3
FNDA:7,(anonymous_0)
FNDA:5,(anonymous_1)
FNDA:5,validateRental
DA:1,8
DA:2,8
DA:3,8
DA:5,8
DA:28,8
DA:29,7
DA:35,8
DA:36,5
DA:37,5
DA:38,5
DA:41,8
DA:44,5
DA:48,5
DA:51,8
DA:52,8
LF:15
LH:15
BRF:0
BRH:0
end_of_record
TN:
SF:E:\Projects\Vidly\Vidly\Models\Users.js
FN:19,(anonymous_0)
FN:28,validateUsers
FNF:2
FNH:2
FNDA:77,(anonymous_0)
FNDA:3,validateUsers
DA:1,10
DA:2,10
DA:3,10
DA:4,10
DA:6,10
DA:19,10
DA:20,77
DA:26,10
DA:29,3
DA:43,3
DA:46,10
DA:47,10
LF:12
LH:12
BRF:0
BRH:0
end_of_record
TN:
SF:E:\Projects\Vidly\Vidly\Startup\config.js
FN:3,(anonymous_0)
FNF:1
FNH:1
FNDA:8,(anonymous_0)
DA:1,8
DA:3,8
DA:4,8
DA:5,0
LF:4
LH:3
BRDA:4,0,0,0
BRDA:4,0,1,8
BRF:2
BRH:1
end_of_record
TN:
SF:E:\Projects\Vidly\Vidly\Startup\db.js
FN:4,(anonymous_0)
FN:7,(anonymous_1)
FNF:2
FNH:2
FNDA:8,(anonymous_0)
FNDA:8,(anonymous_1)
DA:1,8
DA:2,8
DA:3,8
DA:4,8
DA:5,8
DA:7,8
LF:6
LH:6
BRF:0
BRH:0
end_of_record
TN:
SF:E:\Projects\Vidly\Vidly\Startup\logging.js
FN:3,(anonymous_0)
FN:10,(anonymous_1)
FNF:2
FNH:1
FNDA:8,(anonymous_0)
FNDA:0,(anonymous_1)
DA:1,8
DA:3,8
DA:4,8
DA:6,8
DA:10,8
DA:11,0
LF:6
LH:5
BRF:0
BRH:0
end_of_record
TN:
SF:E:\Projects\Vidly\Vidly\Startup\rout.js
FN:12,(anonymous_0)
FNF:1
FNH:1
FNDA:8,(anonymous_0)
DA:1,8
DA:2,8
DA:3,8
DA:4,8
DA:5,8
DA:6,8
DA:7,8
DA:8,8
DA:9,8
DA:10,8
DA:12,8
DA:13,8
DA:14,8
DA:15,8
DA:16,8
DA:17,8
DA:18,8
DA:19,8
DA:20,8
DA:21,8
DA:22,8
DA:23,8
DA:25,8
LF:23
LH:23
BRF:0
BRH:0
end_of_record
TN:
SF:E:\Projects\Vidly\Vidly\Startup\validation.js
FN:3,(anonymous_0)
FNF:1
FNH:1
FNDA:8,(anonymous_0)
DA:1,8
DA:3,8
DA:4,8
LF:3
LH:3
BRF:0
BRH:0
end_of_record
TN:
SF:E:\Projects\Vidly\Vidly\routs\Customers.js
FN:9,(anonymous_0)
FN:14,(anonymous_1)
FN:25,(anonymous_2)
FN:35,(anonymous_3)
FN:56,(anonymous_4)
FNF:5
FNH:5
FNDA:1,(anonymous_0)
FNDA:1,(anonymous_1)
FNDA:2,(anonymous_2)
FNDA:2,(anonymous_3)
FNDA:2,(anonymous_4)
DA:1,8
DA:2,8
DA:3,8
DA:4,8
DA:5,8
DA:6,8
DA:7,8
DA:9,8
DA:10,1
DA:11,1
DA:14,8
DA:15,1
DA:16,1
DA:21,1
DA:22,1
DA:25,8
DA:26,2
DA:27,2
DA:29,1
DA:32,8
DA:36,2
DA:37,2
DA:39,2
DA:50,2
DA:52,1
DA:56,8
DA:57,2
DA:58,2
DA:60,1
DA:61,1
DA:64,8
LF:31
LH:31
BRDA:27,0,0,1
BRDA:27,0,1,1
BRDA:50,1,0,1
BRDA:50,1,1,1
BRDA:58,2,0,1
BRDA:58,2,1,1
BRF:6
BRH:6
end_of_record
TN:
SF:E:\Projects\Vidly\Vidly\routs\Movies.js
FN:11,(anonymous_0)
FN:16,(anonymous_1)
FN:23,(anonymous_2)
FN:42,(anonymous_3)
FN:64,(anonymous_4)
FNF:5
FNH:5
FNDA:1,(anonymous_0)
FNDA:2,(anonymous_1)
FNDA:2,(anonymous_2)
FNDA:2,(anonymous_3)
FNDA:1,(anonymous_4)
DA:1,8
DA:2,8
DA:3,8
DA:4,8
DA:5,8
DA:6,8
DA:7,8
DA:9,8
DA:11,8
DA:12,1
DA:13,1
DA:16,8
DA:17,2
DA:18,2
DA:20,1
DA:23,8
DA:24,2
DA:25,2
DA:26,1
DA:36,1
DA:39,8
DA:43,2
DA:44,2
DA:45,1
DA:60,1
DA:64,8
DA:65,1
DA:66,1
DA:69,8
LF:29
LH:29
BRDA:18,0,0,1
BRDA:18,0,1,1
BRDA:25,1,0,1
BRDA:25,1,1,1
BRDA:44,2,0,1
BRDA:44,2,1,1
BRF:6
BRH:6
end_of_record
TN:
SF:E:\Projects\Vidly\Vidly\routs\Rental.js
FN:14,(anonymous_0)
FN:19,(anonymous_1)
FNF:2
FNH:2
FNDA:1,(anonymous_0)
FNDA:4,(anonymous_1)
DA:1,8
DA:2,8
DA:3,8
DA:4,8
DA:5,8
DA:6,8
DA:7,8
DA:8,8
DA:10,8
DA:12,8
DA:14,8
DA:15,1
DA:16,1
DA:19,8
DA:20,4
DA:22,4
DA:23,4
DA:25,4
DA:27,3
DA:29,2
DA:30,1
DA:32,1
DA:45,1
DA:58,1
DA:61,8
LF:25
LH:25
BRDA:25,0,0,1
BRDA:25,0,1,3
BRDA:27,1,0,1
BRDA:27,1,1,2
BRDA:29,2,0,1
BRDA:29,2,1,1
BRF:6
BRH:6
end_of_record
TN:
SF:E:\Projects\Vidly\Vidly\routs\Users.js
FN:9,(anonymous_0)
FN:14,(anonymous_1)
FNF:2
FNH:2
FNDA:1,(anonymous_0)
FNDA:2,(anonymous_1)
DA:1,8
DA:2,8
DA:3,8
DA:4,8
DA:5,8
DA:6,8
DA:7,8
DA:9,8
DA:10,1
DA:11,1
DA:14,8
DA:15,2
DA:16,2
DA:17,2
DA:19,1
DA:24,1
DA:25,1
DA:26,1
DA:27,1
DA:28,1
DA:34,8
LF:21
LH:21
BRDA:17,0,0,1
BRDA:17,0,1,1
BRF:2
BRH:2
end_of_record
TN:
SF:E:\Projects\Vidly\Vidly\routs\auth.js
FN:9,(anonymous_0)
FN:21,validate
FNF:2
FNH:2
FNDA:3,(anonymous_0)
FNDA:4,validate
DA:1,8
DA:2,8
DA:3,8
DA:4,8
DA:5,8
DA:7,8
DA:9,8
DA:10,3
DA:11,3
DA:13,2
DA:14,2
DA:15,1
DA:17,1
DA:18,1
DA:22,4
DA:29,4
DA:32,8
LF:17
LH:17
BRDA:11,0,0,1
BRDA:11,0,1,2
BRDA:14,1,0,1
BRDA:14,1,1,1
BRF:4
BRH:4
end_of_record
TN:
SF:E:\Projects\Vidly\Vidly\routs\genres.js
FN:22,(anonymous_0)
FN:27,(anonymous_1)
FN:34,(anonymous_2)
FN:46,(anonymous_3)
FN:64,(anonymous_4)
FN:72,validateGenres
FN:83,validateUpdate
FNF:7
FNH:5
FNDA:1,(anonymous_0)
FNDA:1,(anonymous_1)
FNDA:2,(anonymous_2)
FNDA:2,(anonymous_3)
FNDA:0,(anonymous_4)
FNDA:7,validateGenres
FNDA:0,validateUpdate
DA:1,8
DA:2,8
DA:3,8
DA:4,8
DA:5,8
DA:6,8
DA:7,8
DA:8,8
DA:10,8
DA:20,8
DA:22,8
DA:23,1
DA:24,1
DA:27,8
DA:28,1
DA:29,1
DA:31,1
DA:34,8
DA:35,2
DA:39,2
DA:40,2
DA:43,8
DA:47,2
DA:49,2
DA:58,2
DA:60,1
DA:64,8
DA:65,0
DA:66,0
DA:68,0
DA:69,0
DA:73,7
DA:80,7
DA:84,0
DA:90,0
DA:93,8
DA:94,8
LF:37
LH:31
BRDA:29,0,0,0
BRDA:29,0,1,1
BRDA:58,1,0,1
BRDA:58,1,1,1
BRDA:66,2,0,0
BRDA:66,2,1,0
BRF:6
BRH:3
end_of_record
TN:
SF:E:\Projects\Vidly\Vidly\routs\returns.js
FN:9,(anonymous_0)
FN:31,validateReturn
FNF:2
FNH:2
FNDA:7,(anonymous_0)
FNDA:9,validateReturn
DA:1,8
DA:2,8
DA:3,8
DA:4,8
DA:5,8
DA:6,8
DA:7,8
DA:9,8
DA:10,7
DA:11,7
DA:12,7
DA:14,6
DA:16,5
DA:17,5
DA:19,5
DA:28,5
DA:32,9
DA:37,9
DA:40,8
LF:19
LH:19
BRDA:12,0,0,1
BRDA:12,0,1,6
BRDA:14,1,0,1
BRDA:14,1,1,5
BRF:4
BRH:4
end_of_record
